TN:
SF:src\class\character.js
FN:2,(anonymous_0)
FNF:1
FNH:1
FNDA:2,(anonymous_0)
DA:3,2
DA:4,2
DA:5,2
LF:3
LH:3
BRF:0
BRH:0
end_of_record
TN:
SF:src\class\team.js
FN:2,(anonymous_0)
FN:6,(anonymous_1)
FN:14,(anonymous_2)
FN:15,(anonymous_3)
FN:24,(anonymous_4)
FNF:5
FNH:5
FNDA:1,(anonymous_0)
FNDA:2,(anonymous_1)
FNDA:2,(anonymous_2)
FNDA:4,(anonymous_3)
FNDA:1,(anonymous_4)
DA:3,1
DA:7,2
DA:8,1
DA:11,1
DA:15,2
DA:16,4
DA:17,1
DA:21,2
DA:25,1
LF:9
LH:9
BRDA:7,0,0,1
BRDA:7,0,1,1
BRDA:16,1,0,1
BRDA:16,1,1,3
BRF:4
BRH:4
end_of_record
